# JRE version: Java(TM) SE Runtime Environment (22.0+36) (build 22+36-2370)
# Java VM: Java HotSpot(TM) 64-Bit Server VM (22+36-2370, mixed mode, sharing, tiered, compressed oops, compressed class ptrs, g1 gc, windows-amd64)
GC Precious Log:
 CardTable entry size: 512
 Card Set container configuration: InlinePtr #cards 4 size 8 Array Of Cards #cards 16 size 48 Howl #buckets 8 coarsen threshold 3686 Howl Bitmap #cards 512 size 80 coarsen threshold 460 Card regions per heap region 1 cards per card region 4096
 CPUs: 16 total, 16 available
 Memory: 16052M
 Large Page Support: Disabled
 NUMA Support: Disabled
 Compressed Oops: Enabled (Zero based)
 Heap Region Size: 2M
 Heap Min Capacity: 8M
 Heap Initial Capacity: 252M
 Heap Max Capacity: 4014M
 Pre-touch: Disabled
 Parallel Workers: 13
 Concurrent Workers: 3
 Concurrent Refinement Workers: 13
 Periodic GC: Disabled
Heap:
 garbage-first heap   total reserved 4110336K, committed 69632K, used 61253K [0x0000000705200000, 0x0000000800000000)
  region size 2048K, 12 young (24576K), 2 survivors (4096K)
 Metaspace       used 64393K, committed 65280K, reserved 1114112K
  class space    used 8814K, committed 9216K, reserved 1048576K
GC Heap History (20 events):
Event: 4.167 GC heap after
{Heap after GC invocations=6 (full 0):
 garbage-first heap   total reserved 4110336K, committed 69632K, used 23216K [0x0000000705200000, 0x0000000800000000)
  region size 2048K, 3 young (6144K), 3 survivors (6144K)
 Metaspace       used 27002K, committed 27328K, reserved 1114112K
  class space    used 3410K, committed 3584K, reserved 1048576K
}
Event: 4.766 GC heap before
{Heap before GC invocations=6 (full 0):
 garbage-first heap   total reserved 4110336K, committed 69632K, used 49840K [0x0000000705200000, 0x0000000800000000)
  region size 2048K, 16 young (32768K), 3 survivors (6144K)
 Metaspace       used 29039K, committed 29440K, reserved 1114112K
  class space    used 3671K, committed 3840K, reserved 1048576K
}
Event: 4.778 GC heap after
{Heap after GC invocations=7 (full 0):
 garbage-first heap   total reserved 4110336K, committed 69632K, used 23132K [0x0000000705200000, 0x0000000800000000)
  region size 2048K, 2 young (4096K), 2 survivors (4096K)
 Metaspace       used 29039K, committed 29440K, reserved 1114112K
  class space    used 3671K, committed 3840K, reserved 1048576K
}
Event: 5.709 GC heap before
{Heap before GC invocations=7 (full 0):
 garbage-first heap   total reserved 4110336K, committed 69632K, used 53852K [0x0000000705200000, 0x0000000800000000)
  region size 2048K, 17 young (34816K), 2 survivors (4096K)
 Metaspace       used 33041K, committed 33472K, reserved 1114112K
  class space    used 4358K, committed 4544K, reserved 1048576K
}
Event: 5.716 GC heap after
{Heap after GC invocations=8 (full 0):
 garbage-first heap   total reserved 4110336K, committed 69632K, used 25459K [0x0000000705200000, 0x0000000800000000)
  region size 2048K, 3 young (6144K), 3 survivors (6144K)
 Metaspace       used 33041K, committed 33472K, reserved 1114112K
  class space    used 4358K, committed 4544K, reserved 1048576K
}
Event: 6.391 GC heap before
{Heap before GC invocations=8 (full 0):
 garbage-first heap   total reserved 4110336K, committed 69632K, used 45939K [0x0000000705200000, 0x0000000800000000)
  region size 2048K, 14 young (28672K), 3 survivors (6144K)
 Metaspace       used 35567K, committed 35968K, reserved 1114112K
  class space    used 4659K, committed 4864K, reserved 1048576K
}
Event: 6.398 GC heap after
{Heap after GC invocations=9 (full 0):
 garbage-first heap   total reserved 4110336K, committed 69632K, used 26370K [0x0000000705200000, 0x0000000800000000)
  region size 2048K, 2 young (4096K), 2 survivors (4096K)
 Metaspace       used 35567K, committed 35968K, reserved 1114112K
  class space    used 4659K, committed 4864K, reserved 1048576K
}
Event: 7.676 GC heap before
{Heap before GC invocations=10 (full 0):
 garbage-first heap   total reserved 4110336K, committed 69632K, used 55042K [0x0000000705200000, 0x0000000800000000)
  region size 2048K, 17 young (34816K), 2 survivors (4096K)
 Metaspace       used 40745K, committed 41344K, reserved 1114112K
  class space    used 5398K, committed 5696K, reserved 1048576K
}
Event: 7.685 GC heap after
{Heap after GC invocations=11 (full 0):
 garbage-first heap   total reserved 4110336K, committed 69632K, used 29208K [0x0000000705200000, 0x0000000800000000)
  region size 2048K, 3 young (6144K), 3 survivors (6144K)
 Metaspace       used 40745K, committed 41344K, reserved 1114112K
  class space    used 5398K, committed 5696K, reserved 1048576K
}
Event: 8.655 GC heap before
{Heap before GC invocations=11 (full 0):
 garbage-first heap   total reserved 4110336K, committed 69632K, used 53784K [0x0000000705200000, 0x0000000800000000)
  region size 2048K, 15 young (30720K), 3 survivors (6144K)
 Metaspace       used 45374K, committed 45952K, reserved 1114112K
  class space    used 6136K, committed 6400K, reserved 1048576K
}
Event: 8.664 GC heap after
{Heap after GC invocations=12 (full 0):
 garbage-first heap   total reserved 4110336K, committed 69632K, used 31083K [0x0000000705200000, 0x0000000800000000)
  region size 2048K, 2 young (4096K), 2 survivors (4096K)
 Metaspace       used 45374K, committed 45952K, reserved 1114112K
  class space    used 6136K, committed 6400K, reserved 1048576K
}
Event: 9.567 GC heap before
{Heap before GC invocations=12 (full 0):
 garbage-first heap   total reserved 4110336K, committed 69632K, used 57707K [0x0000000705200000, 0x0000000800000000)
  region size 2048K, 15 young (30720K), 2 survivors (4096K)
 Metaspace       used 49573K, committed 50240K, reserved 1114112K
  class space    used 6786K, committed 7104K, reserved 1048576K
}
Event: 9.572 GC heap after
{Heap after GC invocations=13 (full 0):
 garbage-first heap   total reserved 4110336K, committed 69632K, used 34171K [0x0000000705200000, 0x0000000800000000)
  region size 2048K, 2 young (4096K), 2 survivors (4096K)
 Metaspace       used 49573K, committed 50240K, reserved 1114112K
  class space    used 6786K, committed 7104K, reserved 1048576K
}
Event: 10.304 GC heap before
{Heap before GC invocations=13 (full 0):
 garbage-first heap   total reserved 4110336K, committed 69632K, used 58747K [0x0000000705200000, 0x0000000800000000)
  region size 2048K, 14 young (28672K), 2 survivors (4096K)
 Metaspace       used 52619K, committed 53376K, reserved 1114112K
  class space    used 7267K, committed 7616K, reserved 1048576K
}
Event: 10.309 GC heap after
{Heap after GC invocations=14 (full 0):
 garbage-first heap   total reserved 4110336K, committed 69632K, used 36294K [0x0000000705200000, 0x0000000800000000)
  region size 2048K, 2 young (4096K), 2 survivors (4096K)
 Metaspace       used 52619K, committed 53376K, reserved 1114112K
  class space    used 7267K, committed 7616K, reserved 1048576K
}
Event: 10.861 GC heap before
{Heap before GC invocations=14 (full 0):
 garbage-first heap   total reserved 4110336K, committed 69632K, used 54726K [0x0000000705200000, 0x0000000800000000)
  region size 2048K, 12 young (24576K), 2 survivors (4096K)
 Metaspace       used 55590K, committed 56384K, reserved 1114112K
  class space    used 7650K, committed 8000K, reserved 1048576K
}
Event: 10.866 GC heap after
{Heap after GC invocations=15 (full 0):
 garbage-first heap   total reserved 4110336K, committed 69632K, used 39222K [0x0000000705200000, 0x0000000800000000)
  region size 2048K, 2 young (4096K), 2 survivors (4096K)
 Metaspace       used 55590K, committed 56384K, reserved 1114112K
  class space    used 7650K, committed 8000K, reserved 1048576K
}
Event: 78.242 GC heap before
{Heap before GC invocations=16 (full 0):
 garbage-first heap   total reserved 4110336K, committed 69632K, used 55606K [0x0000000705200000, 0x0000000800000000)
  region size 2048K, 11 young (22528K), 2 survivors (4096K)
 Metaspace       used 59764K, committed 60608K, reserved 1114112K
  class space    used 8222K, committed 8576K, reserved 1048576K
}
Event: 78.267 GC heap after
{Heap after GC invocations=17 (full 0):
 garbage-first heap   total reserved 4110336K, committed 69632K, used 40773K [0x0000000705200000, 0x0000000800000000)
  region size 2048K, 1 young (2048K), 1 survivors (2048K)
 Metaspace       used 59764K, committed 60608K, reserved 1114112K
  class space    used 8222K, committed 8576K, reserved 1048576K
}
Event: 791.911 GC heap before
{Heap before GC invocations=17 (full 0):
 garbage-first heap   total reserved 4110336K, committed 69632K, used 59205K [0x0000000705200000, 0x0000000800000000)
  region size 2048K, 11 young (22528K), 1 survivors (2048K)
 Metaspace       used 64393K, committed 65280K, reserved 1114112K
  class space    used 8814K, committed 9216K, reserved 1048576K
}

